16:00:15	Session expired!!!
16:01:47	Wrong account and password ASP.Net!
16:01:59	System.NullReferenceException: Object reference not set to an instance of an object.
   at DataHandler.ClientRequest.ProcessRequest(HttpContext context)
16:17:58	Session expired!!!
16:18:24	System.NullReferenceException: Object reference not set to an instance of an object.
   at DataHandler.ClientRequest.ProcessRequest(HttpContext context)
16:19:54	System.NullReferenceException: Object reference not set to an instance of an object.
   at DataHandler.ClientRequest.ProcessRequest(HttpContext context)
16:27:17	Exists message
16:27:18	Exists message
16:37:04	Session expired!!!
16:37:24	Wrong account and password ASP.Net!
16:50:54	Exists message
16:50:55	Exists message
16:50:55	Exists message
16:50:55	Exists message
16:50:56	Exists message
16:50:57	Exists message
16:50:57	Exists message
16:50:57	Exists message
16:58:16	Exists message
16:58:16	Exists message
16:58:16	Exists message
16:58:17	Exists message
16:58:18	Exists message
16:58:19	Exists message
16:58:19	Exists message
16:58:19	Exists message
16:58:52	Session expired!!!
